2020-09-04 09:24:26,795 ---- INFO ---- org.springframework.boot.StartupInfoLogger ---- logStarting ----- Starting FlightReservationApplication on shradha with PID 10300 (D:\BHARATH THIPPIREDDY\DataAccessLayer\FlightReservation\target\classes started by chintu in D:\BHARATH THIPPIREDDY\DataAccessLayer\FlightReservation) ----- %PARSER_ERROR[l] 
2020-09-04 09:24:26,796 ---- INFO ---- org.springframework.boot.SpringApplication ---- logStartupProfileInfo ----- No active profile set, falling back to default profiles: default ----- %PARSER_ERROR[l] 
2020-09-04 09:24:27,053 ---- INFO ---- org.springframework.data.repository.config.RepositoryConfigurationDelegate ---- registerRepositoriesIn ----- Bootstrapping Spring Data JPA repositories in DEFERRED mode. ----- %PARSER_ERROR[l] 
2020-09-04 09:24:27,087 ---- INFO ---- org.springframework.data.repository.config.RepositoryConfigurationDelegate ---- registerRepositoriesIn ----- Finished Spring Data repository scanning in 33ms. Found 4 JPA repository interfaces. ----- %PARSER_ERROR[l] 
2020-09-04 09:24:27,221 ---- INFO ---- org.springframework.boot.web.embedded.tomcat.TomcatWebServer ---- initialize ----- Tomcat initialized with port(s): 8080 (http) ----- %PARSER_ERROR[l] 
2020-09-04 09:24:27,222 ---- INFO ---- org.apache.juli.logging.DirectJDKLog ---- log ----- Starting service [Tomcat] ----- %PARSER_ERROR[l] 
2020-09-04 09:24:27,222 ---- INFO ---- org.apache.juli.logging.DirectJDKLog ---- log ----- Starting Servlet engine: [Apache Tomcat/9.0.37] ----- %PARSER_ERROR[l] 
2020-09-04 09:24:27,285 ---- INFO ---- org.apache.juli.logging.DirectJDKLog ---- log ----- At least one JAR was scanned for TLDs yet contained no TLDs. Enable debug logging for this logger for a complete list of JARs that were scanned but no TLDs were found in them. Skipping unneeded JARs during scanning can improve startup time and JSP compilation time. ----- %PARSER_ERROR[l] 
2020-09-04 09:24:27,287 ---- INFO ---- org.apache.juli.logging.DirectJDKLog ---- log ----- Initializing Spring embedded WebApplicationContext ----- %PARSER_ERROR[l] 
2020-09-04 09:24:27,287 ---- INFO ---- org.springframework.boot.web.servlet.context.ServletWebServerApplicationContext ---- prepareWebApplicationContext ----- Root WebApplicationContext: initialization completed in 488 ms ----- %PARSER_ERROR[l] 
2020-09-04 09:24:27,335 ---- INFO ---- org.springframework.scheduling.concurrent.ExecutorConfigurationSupport ---- initialize ----- Initializing ExecutorService 'applicationTaskExecutor' ----- %PARSER_ERROR[l] 
2020-09-04 09:24:27,344 ---- INFO ---- org.hibernate.jpa.internal.util.LogHelper ---- logPersistenceUnitInformation ----- HHH000204: Processing PersistenceUnitInfo [name: default] ----- %PARSER_ERROR[l] 
2020-09-04 09:24:27,351 ---- INFO ---- com.zaxxer.hikari.HikariDataSource ---- getConnection ----- HikariPool-4 - Starting... ----- %PARSER_ERROR[l] 
2020-09-04 09:24:27,376 ---- INFO ---- com.zaxxer.hikari.HikariDataSource ---- getConnection ----- HikariPool-4 - Start completed. ----- %PARSER_ERROR[l] 
2020-09-04 09:24:27,376 ---- INFO ---- org.hibernate.dialect.Dialect ---- <init> ----- HHH000400: Using dialect: org.hibernate.dialect.MySQL8Dialect ----- %PARSER_ERROR[l] 
2020-09-04 09:24:27,392 ---- WARN ---- org.springframework.boot.autoconfigure.orm.jpa.JpaBaseConfiguration$JpaWebConfiguration ---- openEntityManagerInViewInterceptor ----- spring.jpa.open-in-view is enabled by default. Therefore, database queries may be performed during view rendering. Explicitly configure spring.jpa.open-in-view to disable this warning ----- %PARSER_ERROR[l] 
2020-09-04 09:24:27,527 ---- INFO ---- org.hibernate.engine.transaction.jta.platform.internal.JtaPlatformInitiator ---- initiateService ----- HHH000490: Using JtaPlatform implementation: [org.hibernate.engine.transaction.jta.platform.internal.NoJtaPlatform] ----- %PARSER_ERROR[l] 
2020-09-04 09:24:27,527 ---- INFO ---- org.springframework.orm.jpa.AbstractEntityManagerFactoryBean ---- buildNativeEntityManagerFactory ----- Initialized JPA EntityManagerFactory for persistence unit 'default' ----- %PARSER_ERROR[l] 
2020-09-04 09:24:27,595 ---- INFO ---- org.springframework.boot.devtools.autoconfigure.OptionalLiveReloadServer ---- startServer ----- LiveReload server is running on port 35729 ----- %PARSER_ERROR[l] 
2020-09-04 09:24:27,660 ---- INFO ---- org.springframework.boot.web.embedded.tomcat.TomcatWebServer ---- start ----- Tomcat started on port(s): 8080 (http) with context path '' ----- %PARSER_ERROR[l] 
2020-09-04 09:24:27,666 ---- INFO ---- org.springframework.data.repository.config.DeferredRepositoryInitializationListener ---- onApplicationEvent ----- Triggering deferred initialization of Spring Data repositories… ----- %PARSER_ERROR[l] 
2020-09-04 09:24:27,897 ---- INFO ---- org.springframework.data.repository.config.DeferredRepositoryInitializationListener ---- onApplicationEvent ----- Spring Data repositories initialized! ----- %PARSER_ERROR[l] 
2020-09-04 09:24:27,901 ---- INFO ---- org.springframework.boot.StartupInfoLogger ---- logStarted ----- Started FlightReservationApplication in 1.143 seconds (JVM running for 763.06) ----- %PARSER_ERROR[l] 
2020-09-04 09:24:27,904 ---- INFO ---- org.springframework.boot.devtools.autoconfigure.ConditionEvaluationDeltaLoggingListener ---- onApplicationEvent ----- Condition evaluation unchanged ----- %PARSER_ERROR[l] 
2020-09-04 09:24:36,985 ---- INFO ---- org.apache.juli.logging.DirectJDKLog ---- log ----- Initializing Spring DispatcherServlet 'dispatcherServlet' ----- %PARSER_ERROR[l] 
2020-09-04 09:24:36,986 ---- INFO ---- org.springframework.web.servlet.FrameworkServlet ---- initServletBean ----- Initializing Servlet 'dispatcherServlet' ----- %PARSER_ERROR[l] 
2020-09-04 09:24:36,989 ---- INFO ---- org.springframework.web.servlet.FrameworkServlet ---- initServletBean ----- Completed initialization in 3 ms ----- %PARSER_ERROR[l] 
2020-09-04 09:24:36,992 ---- INFO ---- com.shradha.flightreservation.controller.UserController ---- showLoginForm ----- Inside showLoginForm() Method ----- %PARSER_ERROR[l] 
2020-09-04 09:31:50,509 ---- INFO ---- org.springframework.orm.jpa.AbstractEntityManagerFactoryBean ---- destroy ----- Closing JPA EntityManagerFactory for persistence unit 'default' ----- %PARSER_ERROR[l] 
2020-09-04 09:31:50,510 ---- INFO ---- org.springframework.scheduling.concurrent.ExecutorConfigurationSupport ---- shutdown ----- Shutting down ExecutorService 'applicationTaskExecutor' ----- %PARSER_ERROR[l] 
2020-09-04 09:31:50,511 ---- INFO ---- com.zaxxer.hikari.HikariDataSource ---- close ----- HikariPool-4 - Shutdown initiated... ----- %PARSER_ERROR[l] 
2020-09-04 09:31:50,519 ---- INFO ---- com.zaxxer.hikari.HikariDataSource ---- close ----- HikariPool-4 - Shutdown completed. ----- %PARSER_ERROR[l] 
== 2020-09-04 09:36:23,159 ---- INFO ---- org.springframework.boot.StartupInfoLogger ---- logStarting ----- Starting FlightReservationApplication on shradha with PID 10300 (D:\BHARATH THIPPIREDDY\DataAccessLayer\FlightReservation\target\classes started by chintu in D:\BHARATH THIPPIREDDY\DataAccessLayer\FlightReservation) ----- %PARSER_ERROR[l] 
== 2020-09-04 09:36:23,159 ---- INFO ---- org.springframework.boot.SpringApplication ---- logStartupProfileInfo ----- No active profile set, falling back to default profiles: default ----- %PARSER_ERROR[l] 
== 2020-09-04 09:36:23,317 ---- INFO ---- org.springframework.data.repository.config.RepositoryConfigurationDelegate ---- registerRepositoriesIn ----- Bootstrapping Spring Data JPA repositories in DEFERRED mode. ----- %PARSER_ERROR[l] 
== 2020-09-04 09:36:23,342 ---- INFO ---- org.springframework.data.repository.config.RepositoryConfigurationDelegate ---- registerRepositoriesIn ----- Finished Spring Data repository scanning in 22ms. Found 4 JPA repository interfaces. ----- %PARSER_ERROR[l] 
== 2020-09-04 09:36:23,467 ---- INFO ---- org.springframework.boot.web.embedded.tomcat.TomcatWebServer ---- initialize ----- Tomcat initialized with port(s): 8080 (http) ----- %PARSER_ERROR[l] 
== 2020-09-04 09:36:23,468 ---- INFO ---- org.apache.juli.logging.DirectJDKLog ---- log ----- Starting service [Tomcat] ----- %PARSER_ERROR[l] 
== 2020-09-04 09:36:23,468 ---- INFO ---- org.apache.juli.logging.DirectJDKLog ---- log ----- Starting Servlet engine: [Apache Tomcat/9.0.37] ----- %PARSER_ERROR[l] 
== 2020-09-04 09:36:23,525 ---- INFO ---- org.apache.juli.logging.DirectJDKLog ---- log ----- At least one JAR was scanned for TLDs yet contained no TLDs. Enable debug logging for this logger for a complete list of JARs that were scanned but no TLDs were found in them. Skipping unneeded JARs during scanning can improve startup time and JSP compilation time. ----- %PARSER_ERROR[l] 
== 2020-09-04 09:36:23,527 ---- INFO ---- org.apache.juli.logging.DirectJDKLog ---- log ----- Initializing Spring embedded WebApplicationContext ----- %PARSER_ERROR[l] 
== 2020-09-04 09:36:23,527 ---- INFO ---- org.springframework.boot.web.servlet.context.ServletWebServerApplicationContext ---- prepareWebApplicationContext ----- Root WebApplicationContext: initialization completed in 366 ms ----- %PARSER_ERROR[l] 
== 2020-09-04 09:36:23,571 ---- INFO ---- org.springframework.scheduling.concurrent.ExecutorConfigurationSupport ---- initialize ----- Initializing ExecutorService 'applicationTaskExecutor' ----- %PARSER_ERROR[l] 
== 2020-09-04 09:36:23,580 ---- INFO ---- org.hibernate.jpa.internal.util.LogHelper ---- logPersistenceUnitInformation ----- HHH000204: Processing PersistenceUnitInfo [name: default] ----- %PARSER_ERROR[l] 
== 2020-09-04 09:36:23,588 ---- INFO ---- com.zaxxer.hikari.HikariDataSource ---- getConnection ----- HikariPool-7 - Starting... ----- %PARSER_ERROR[l] 
== 2020-09-04 09:36:23,612 ---- INFO ---- com.zaxxer.hikari.HikariDataSource ---- getConnection ----- HikariPool-7 - Start completed. ----- %PARSER_ERROR[l] 
== 2020-09-04 09:36:23,612 ---- INFO ---- org.hibernate.dialect.Dialect ---- <init> ----- HHH000400: Using dialect: org.hibernate.dialect.MySQL8Dialect ----- %PARSER_ERROR[l] 
== 2020-09-04 09:36:23,646 ---- WARN ---- org.springframework.boot.autoconfigure.orm.jpa.JpaBaseConfiguration$JpaWebConfiguration ---- openEntityManagerInViewInterceptor ----- spring.jpa.open-in-view is enabled by default. Therefore, database queries may be performed during view rendering. Explicitly configure spring.jpa.open-in-view to disable this warning ----- %PARSER_ERROR[l] 
== 2020-09-04 09:36:23,800 ---- INFO ---- org.hibernate.engine.transaction.jta.platform.internal.JtaPlatformInitiator ---- initiateService ----- HHH000490: Using JtaPlatform implementation: [org.hibernate.engine.transaction.jta.platform.internal.NoJtaPlatform] ----- %PARSER_ERROR[l] 
== 2020-09-04 09:36:23,801 ---- INFO ---- org.springframework.orm.jpa.AbstractEntityManagerFactoryBean ---- buildNativeEntityManagerFactory ----- Initialized JPA EntityManagerFactory for persistence unit 'default' ----- %PARSER_ERROR[l] 
== 2020-09-04 09:36:23,854 ---- INFO ---- org.springframework.boot.devtools.autoconfigure.OptionalLiveReloadServer ---- startServer ----- LiveReload server is running on port 35729 ----- %PARSER_ERROR[l] 
== 2020-09-04 09:36:23,972 ---- INFO ---- org.springframework.boot.web.embedded.tomcat.TomcatWebServer ---- start ----- Tomcat started on port(s): 8080 (http) with context path '' ----- %PARSER_ERROR[l] 
== 2020-09-04 09:36:23,974 ---- INFO ---- org.springframework.data.repository.config.DeferredRepositoryInitializationListener ---- onApplicationEvent ----- Triggering deferred initialization of Spring Data repositories… ----- %PARSER_ERROR[l] 
== 2020-09-04 09:36:24,158 ---- INFO ---- org.springframework.data.repository.config.DeferredRepositoryInitializationListener ---- onApplicationEvent ----- Spring Data repositories initialized! ----- %PARSER_ERROR[l] 
== 2020-09-04 09:36:24,162 ---- INFO ---- org.springframework.boot.StartupInfoLogger ---- logStarted ----- Started FlightReservationApplication in 1.028 seconds (JVM running for 1479.321) ----- %PARSER_ERROR[l] 
== 2020-09-04 09:36:24,163 ---- INFO ---- org.springframework.boot.devtools.autoconfigure.ConditionEvaluationDeltaLoggingListener ---- onApplicationEvent ----- Condition evaluation unchanged ----- %PARSER_ERROR[l] 
== 2020-09-04 09:36:50,249 ---- INFO ---- org.apache.juli.logging.DirectJDKLog ---- log ----- Initializing Spring DispatcherServlet 'dispatcherServlet' ----- %PARSER_ERROR[l] 
== 2020-09-04 09:36:50,249 ---- INFO ---- org.springframework.web.servlet.FrameworkServlet ---- initServletBean ----- Initializing Servlet 'dispatcherServlet' ----- %PARSER_ERROR[l] 
== 2020-09-04 09:36:50,253 ---- INFO ---- org.springframework.web.servlet.FrameworkServlet ---- initServletBean ----- Completed initialization in 4 ms ----- %PARSER_ERROR[l] 
== 2020-09-04 09:36:50,255 ---- INFO ---- com.shradha.flightreservation.controller.UserController ---- showLoginForm ----- Inside showLoginForm() Method ----- %PARSER_ERROR[l] 
== 2020-09-04 09:37:53,212 ---- INFO ---- org.springframework.orm.jpa.AbstractEntityManagerFactoryBean ---- destroy ----- Closing JPA EntityManagerFactory for persistence unit 'default' ----- %PARSER_ERROR[l] 
== 2020-09-04 09:37:53,214 ---- INFO ---- org.springframework.scheduling.concurrent.ExecutorConfigurationSupport ---- shutdown ----- Shutting down ExecutorService 'applicationTaskExecutor' ----- %PARSER_ERROR[l] 
== 2020-09-04 09:37:53,214 ---- INFO ---- com.zaxxer.hikari.HikariDataSource ---- close ----- HikariPool-7 - Shutdown initiated... ----- %PARSER_ERROR[l] 
== 2020-09-04 09:37:53,227 ---- INFO ---- com.zaxxer.hikari.HikariDataSource ---- close ----- HikariPool-7 - Shutdown completed. ----- %PARSER_ERROR[l] 
== 2020-09-04 09:37:53,504 ---- INFO ---- org.springframework.boot.StartupInfoLogger ---- logStarting ----- Starting FlightReservationApplication on shradha with PID 10300 (D:\BHARATH THIPPIREDDY\DataAccessLayer\FlightReservation\target\classes started by chintu in D:\BHARATH THIPPIREDDY\DataAccessLayer\FlightReservation) ----- %PARSER_ERROR[l] 
== 2020-09-04 09:37:53,504 ---- INFO ---- org.springframework.boot.SpringApplication ---- logStartupProfileInfo ----- No active profile set, falling back to default profiles: default ----- %PARSER_ERROR[l] 
== 2020-09-04 09:37:53,673 ---- INFO ---- org.springframework.data.repository.config.RepositoryConfigurationDelegate ---- registerRepositoriesIn ----- Bootstrapping Spring Data JPA repositories in DEFERRED mode. ----- %PARSER_ERROR[l] 
== 2020-09-04 09:37:53,697 ---- INFO ---- org.springframework.data.repository.config.RepositoryConfigurationDelegate ---- registerRepositoriesIn ----- Finished Spring Data repository scanning in 23ms. Found 4 JPA repository interfaces. ----- %PARSER_ERROR[l] 
== 2020-09-04 09:37:53,820 ---- INFO ---- org.springframework.boot.web.embedded.tomcat.TomcatWebServer ---- initialize ----- Tomcat initialized with port(s): 8080 (http) ----- %PARSER_ERROR[l] 
== 2020-09-04 09:37:53,821 ---- INFO ---- org.apache.juli.logging.DirectJDKLog ---- log ----- Starting service [Tomcat] ----- %PARSER_ERROR[l] 
== 2020-09-04 09:37:53,822 ---- INFO ---- org.apache.juli.logging.DirectJDKLog ---- log ----- Starting Servlet engine: [Apache Tomcat/9.0.37] ----- %PARSER_ERROR[l] 
== 2020-09-04 09:37:53,881 ---- INFO ---- org.apache.juli.logging.DirectJDKLog ---- log ----- At least one JAR was scanned for TLDs yet contained no TLDs. Enable debug logging for this logger for a complete list of JARs that were scanned but no TLDs were found in them. Skipping unneeded JARs during scanning can improve startup time and JSP compilation time. ----- %PARSER_ERROR[l] 
== 2020-09-04 09:37:53,883 ---- INFO ---- org.apache.juli.logging.DirectJDKLog ---- log ----- Initializing Spring embedded WebApplicationContext ----- %PARSER_ERROR[l] 
== 2020-09-04 09:37:53,884 ---- INFO ---- org.springframework.boot.web.servlet.context.ServletWebServerApplicationContext ---- prepareWebApplicationContext ----- Root WebApplicationContext: initialization completed in 377 ms ----- %PARSER_ERROR[l] 
== 2020-09-04 09:37:53,932 ---- INFO ---- org.springframework.scheduling.concurrent.ExecutorConfigurationSupport ---- initialize ----- Initializing ExecutorService 'applicationTaskExecutor' ----- %PARSER_ERROR[l] 
== 2020-09-04 09:37:53,942 ---- INFO ---- org.hibernate.jpa.internal.util.LogHelper ---- logPersistenceUnitInformation ----- HHH000204: Processing PersistenceUnitInfo [name: default] ----- %PARSER_ERROR[l] 
== 2020-09-04 09:37:53,950 ---- INFO ---- com.zaxxer.hikari.HikariDataSource ---- getConnection ----- HikariPool-8 - Starting... ----- %PARSER_ERROR[l] 
== 2020-09-04 09:37:53,968 ---- INFO ---- com.zaxxer.hikari.HikariDataSource ---- getConnection ----- HikariPool-8 - Start completed. ----- %PARSER_ERROR[l] 
== 2020-09-04 09:37:53,969 ---- INFO ---- org.hibernate.dialect.Dialect ---- <init> ----- HHH000400: Using dialect: org.hibernate.dialect.MySQL8Dialect ----- %PARSER_ERROR[l] 
== 2020-09-04 09:37:53,998 ---- WARN ---- org.springframework.boot.autoconfigure.orm.jpa.JpaBaseConfiguration$JpaWebConfiguration ---- openEntityManagerInViewInterceptor ----- spring.jpa.open-in-view is enabled by default. Therefore, database queries may be performed during view rendering. Explicitly configure spring.jpa.open-in-view to disable this warning ----- %PARSER_ERROR[l] 
== 2020-09-04 09:37:54,123 ---- INFO ---- org.hibernate.engine.transaction.jta.platform.internal.JtaPlatformInitiator ---- initiateService ----- HHH000490: Using JtaPlatform implementation: [org.hibernate.engine.transaction.jta.platform.internal.NoJtaPlatform] ----- %PARSER_ERROR[l] 
== 2020-09-04 09:37:54,124 ---- INFO ---- org.springframework.orm.jpa.AbstractEntityManagerFactoryBean ---- buildNativeEntityManagerFactory ----- Initialized JPA EntityManagerFactory for persistence unit 'default' ----- %PARSER_ERROR[l] 
== 2020-09-04 09:37:54,148 ---- INFO ---- org.springframework.boot.devtools.autoconfigure.OptionalLiveReloadServer ---- startServer ----- LiveReload server is running on port 35729 ----- %PARSER_ERROR[l] 
== 2020-09-04 09:37:54,223 ---- INFO ---- org.springframework.boot.web.embedded.tomcat.TomcatWebServer ---- start ----- Tomcat started on port(s): 8080 (http) with context path '' ----- %PARSER_ERROR[l] 
== 2020-09-04 09:37:54,229 ---- INFO ---- org.springframework.data.repository.config.DeferredRepositoryInitializationListener ---- onApplicationEvent ----- Triggering deferred initialization of Spring Data repositories… ----- %PARSER_ERROR[l] 
== 2020-09-04 09:37:54,360 ---- INFO ---- org.springframework.data.repository.config.DeferredRepositoryInitializationListener ---- onApplicationEvent ----- Spring Data repositories initialized! ----- %PARSER_ERROR[l] 
== 2020-09-04 09:37:54,365 ---- INFO ---- org.springframework.boot.StartupInfoLogger ---- logStarted ----- Started FlightReservationApplication in 0.895 seconds (JVM running for 1569.524) ----- %PARSER_ERROR[l] 
== 2020-09-04 09:37:54,367 ---- INFO ---- org.springframework.boot.devtools.autoconfigure.ConditionEvaluationDeltaLoggingListener ---- onApplicationEvent ----- Condition evaluation unchanged ----- %PARSER_ERROR[l] 
== 2020-09-04 09:38:04,491 ---- INFO ---- org.apache.juli.logging.DirectJDKLog ---- log ----- Initializing Spring DispatcherServlet 'dispatcherServlet' ----- %PARSER_ERROR[l] 
== 2020-09-04 09:38:04,491 ---- INFO ---- org.springframework.web.servlet.FrameworkServlet ---- initServletBean ----- Initializing Servlet 'dispatcherServlet' ----- %PARSER_ERROR[l] 
== 2020-09-04 09:38:04,495 ---- INFO ---- org.springframework.web.servlet.FrameworkServlet ---- initServletBean ----- Completed initialization in 4 ms ----- %PARSER_ERROR[l] 
== 2020-09-04 09:38:04,498 ---- INFO ---- com.shradha.flightreservation.controller.UserController ---- showLoginForm ----- Inside showLoginForm() Method ----- %PARSER_ERROR[l] 
== 2020-09-04 09:38:54,909 ---- INFO ---- org.springframework.orm.jpa.AbstractEntityManagerFactoryBean ---- destroy ----- Closing JPA EntityManagerFactory for persistence unit 'default' ----- %PARSER_ERROR[l] 
== 2020-09-04 09:38:54,912 ---- INFO ---- org.springframework.scheduling.concurrent.ExecutorConfigurationSupport ---- shutdown ----- Shutting down ExecutorService 'applicationTaskExecutor' ----- %PARSER_ERROR[l] 
== 2020-09-04 09:38:54,913 ---- INFO ---- com.zaxxer.hikari.HikariDataSource ---- close ----- HikariPool-8 - Shutdown initiated... ----- %PARSER_ERROR[l] 
== 2020-09-04 09:38:54,939 ---- INFO ---- com.zaxxer.hikari.HikariDataSource ---- close ----- HikariPool-8 - Shutdown completed. ----- %PARSER_ERROR[l] 
